<?xml version="1.0" encoding="UTF-8"?>
<!-- Generated by org.testng.reporters.JUnitReportReporter -->
<testsuite skipped="0" hostname="cp1059" name="testCases.TC_006" tests="1" failures="0" timestamp="10 Nov 2020 08:45:13 GMT" time="14.265" errors="0">
  <testcase name="illegelValidationToSave" time="14.265" classname="testCases.TC_006"/>
</testsuite> <!-- testCases.TC_006 -->
