<?xml version="1.0" encoding="UTF-8"?>
<!-- Generated by org.testng.reporters.JUnitReportReporter -->
<testsuite skipped="0" hostname="cp1059" name="testCases.TC_001" tests="1" failures="0" timestamp="10 Nov 2020 08:45:13 GMT" time="35.556" errors="0">
  <testcase name="login" time="35.556" classname="testCases.TC_001"/>
</testsuite> <!-- testCases.TC_001 -->
