<?xml version="1.0" encoding="UTF-8"?>
<!-- Generated by org.testng.reporters.JUnitReportReporter -->
<testsuite skipped="0" hostname="cp1059" name="testCases.TC_001" tests="1" failures="0" timestamp="30 Oct 2020 07:45:21 GMT" time="46.401" errors="0">
  <testcase name="login" time="46.401" classname="testCases.TC_001"/>
</testsuite> <!-- testCases.TC_001 -->
