<?xml version="1.0" encoding="UTF-8"?>
<!-- Generated by org.testng.reporters.JUnitReportReporter -->
<testsuite skipped="0" hostname="cp1059" name="testCases.TC_007" tests="1" failures="0" timestamp="10 Nov 2020 08:45:13 GMT" time="15.228" errors="0">
  <testcase name="emptyValidationToCancel" time="15.228" classname="testCases.TC_007"/>
</testsuite> <!-- testCases.TC_007 -->
