<?xml version="1.0" encoding="UTF-8"?>
<!-- Generated by org.testng.reporters.JUnitReportReporter -->
<testsuite skipped="0" hostname="cp1059" name="testCases.TC_001" tests="1" failures="0" timestamp="09 Nov 2020 11:19:54 GMT" time="32.360" errors="0">
  <testcase name="login" time="32.360" classname="testCases.TC_001"/>
</testsuite> <!-- testCases.TC_001 -->
