<?xml version="1.0" encoding="UTF-8"?>
<!-- Generated by org.testng.reporters.JUnitReportReporter -->
<testsuite skipped="0" hostname="cp1059" name="testCases.TC_005" tests="1" failures="0" timestamp="10 Nov 2020 08:45:13 GMT" time="11.124" errors="0">
  <testcase name="EmptyValidationToSave" time="11.124" classname="testCases.TC_005"/>
</testsuite> <!-- testCases.TC_005 -->
