<?xml version="1.0" encoding="UTF-8"?>
<!-- Generated by org.testng.reporters.JUnitReportReporter -->
<testsuite skipped="0" hostname="cp1059" name="testCases.TC_003" tests="1" failures="0" timestamp="10 Nov 2020 08:45:13 GMT" time="14.455" errors="0">
  <testcase name="ValidCancel" time="14.455" classname="testCases.TC_003"/>
</testsuite> <!-- testCases.TC_003 -->
