<?xml version="1.0" encoding="UTF-8"?>
<!-- Generated by org.testng.reporters.JUnitReportReporter -->
<testsuite skipped="0" hostname="cp1059" name="testCases.TC_003" tests="1" failures="0" timestamp="30 Oct 2020 07:45:21 GMT" time="12.736" errors="0">
  <testcase name="failedtest" time="12.736" classname="testCases.TC_003"/>
</testsuite> <!-- testCases.TC_003 -->
