<?xml version="1.0" encoding="UTF-8"?>
<!-- Generated by org.testng.reporters.JUnitReportReporter -->
<testsuite skipped="0" hostname="cp1059" name="testCases.TC_001" tests="1" failures="0" timestamp="04 Nov 2020 10:30:16 GMT" time="34.630" errors="0">
  <testcase name="login" time="34.630" classname="testCases.TC_001"/>
</testsuite> <!-- testCases.TC_001 -->
