<?xml version="1.0" encoding="UTF-8"?>
<!-- Generated by org.testng.reporters.JUnitReportReporter -->
<testsuite skipped="0" hostname="cp1059" name="testCases.TC_003" tests="1" failures="0" timestamp="02 Nov 2020 09:49:25 GMT" time="15.163" errors="0">
  <testcase name="failedtest" time="15.163" classname="testCases.TC_003"/>
</testsuite> <!-- testCases.TC_003 -->
